#
# A fatal error has been detected by the Java Runtime Environment:
#
#  EXCEPTION_ACCESS_VIOLATION (0xc0000005) at pc=0x000000006ec4b5bb, pid=5600, tid=6092
#
# JRE version: Java(TM) SE Runtime Environment (16.0+36) (build 16+36-2231)
# Java VM: Java HotSpot(TM) 64-Bit Server VM (16+36-2231, mixed mode, sharing, tiered, compressed oops, g1 gc, windows-amd64)
# Problematic frame:
# C  [jSSC-2.7_x86_64.dll+0xb5bb]
#
# No core dump will be written. Minidumps are not enabled by default on client versions of Windows
#
# If you would like to submit a bug report, please visit:
#   https://bugreport.java.com/bugreport/crash.jsp
# The crash happened outside the Java Virtual Machine in native code.
# See problematic frame for where to report the bug.
#

---------------  S U M M A R Y ------------

Command Line: -javaagent:C:\Program Files\JetBrains\IntelliJ IDEA Community Edition 2020.3.3\lib\idea_rt.jar=64084:C:\Program Files\JetBrains\IntelliJ IDEA Community Edition 2020.3.3\bin -Dfile.encoding=UTF-8 com.company.Main

Host: Intel(R) Core(TM) i5-9300H CPU @ 2.40GHz, 8 cores, 7G,  Windows 10 , 64 bit Build 19041 (10.0.19041.928)
Time: Fri May  7 16:43:46 2021 India Standard Time elapsed time: 0.167706 seconds (0d 0h 0m 0s)

---------------  T H R E A D  ---------------

Current thread (0x000002b94b37d9b0):  JavaThread "main" [_thread_in_native, id=6092, stack(0x000000e346200000,0x000000e346300000)]

Stack: [0x000000e346200000,0x000000e346300000],  sp=0x000000e3462ff2c0,  free space=1020k
Native frames: (J=compiled Java code, j=interpreted, Vv=VM code, C=native code)
C  [jSSC-2.7_x86_64.dll+0xb5bb]

Java frames: (J=compiled Java code, j=interpreted, Vv=VM code)
j  jssc.SerialNativeInterface.openPort(Ljava/lang/String;Z)J+0
j  jssc.SerialPort.openPort()Z+65
j  com.company.Main.main([Ljava/lang/String;)V+39
v  ~StubRoutines::call_stub

siginfo: EXCEPTION_ACCESS_VIOLATION (0xc0000005), reading address 0x00000000493a1bb9


Register to memory mapping:

RIP=0x000000006ec4b5bb jSSC-2.7_x86_64.dll
RAX=0x00000000493a1bb9 is an unknown value
RBX=0x000000e3462ff330 is pointing into the stack for thread: 0x000002b94b37d9b0
RCX=0x00007fff25cecf04 ntdll.dll
RDX=0x0 is NULL
RSP=0x000000e3462ff2c0 is pointing into the stack for thread: 0x000002b94b37d9b0
RBP=0x000000e3462ff440 is pointing into the stack for thread: 0x000002b94b37d9b0
RSI=0x000002b94b37dcc0 points into unknown readable memory: 0x00007ffed42233d0 | d0 33 22 d4 fe 7f 00 00
RDI=0x000000000000040c is an unknown value
R8 =0x000000e3462ff1b8 is pointing into the stack for thread: 0x000002b94b37d9b0
R9 =0x000000e3462ff2b0 is pointing into the stack for thread: 0x000002b94b37d9b0
R10=0x0 is NULL
R11=0x0000000000000246 is an unknown value
R12=0x000000e3462ff500 is pointing into the stack for thread: 0x000002b94b37d9b0
R13=0x000002b96a099c50 points into unknown readable memory: 0x00007400344d4f43 | 43 4f 4d 34 00 74 00 00
R14=0x000000e3462ff3f0 is pointing into the stack for thread: 0x000002b94b37d9b0
R15=0x000002b94b37d9b0 is a thread


Registers:
RAX=0x00000000493a1bb9, RBX=0x000000e3462ff330, RCX=0x00007fff25cecf04, RDX=0x0000000000000000
RSP=0x000000e3462ff2c0, RBP=0x000000e3462ff440, RSI=0x000002b94b37dcc0, RDI=0x000000000000040c
R8 =0x000000e3462ff1b8, R9 =0x000000e3462ff2b0, R10=0x0000000000000000, R11=0x0000000000000246
R12=0x000000e3462ff500, R13=0x000002b96a099c50, R14=0x000000e3462ff3f0, R15=0x000002b94b37d9b0
RIP=0x000000006ec4b5bb, EFLAGS=0x0000000000010202

Top of Stack: (sp=0x000000e3462ff2c0)
0x000000e3462ff2c0:   000002b96a1c3250 000002b96a099b60
0x000000e3462ff2d0:   000000006ec4b210 000002b949190000
0x000000e3462ff2e0:   000002b949130000 0000000000000004
0x000000e3462ff2f0:   000002b94b37dcc0 000000000000040c
0x000000e3462ff300:   000000e3462ff440 000000006ec52570
0x000000e3462ff310:   000002b94b37d9b0 000000e3462ff3f0
0x000000e3462ff320:   000002b96a099c50 000000e3462ff500
0x000000e3462ff330:   000002b96a099c50 00007fff25c747b1
0x000000e3462ff340:   000000e3462ff370 000002b949190000
0x000000e3462ff350:   000000e3462ff440 0000000000000000
0x000000e3462ff360:   000000006ec534e0 000000006ec53bc8
0x000000e3462ff370:   000000e3462ff3a0 000000006ec52621
0x000000e3462ff380:   000000e3462ff310 000002b94b37dcc0
0x000000e3462ff390:   0000000000000000 0000000000000000
0x000000e3462ff3a0:   000000e3462ff440 000000006ec41575
0x000000e3462ff3b0:   000000000000001c 000002b900000000 

Instructions: (pc=0x000000006ec4b5bb)
0x000000006ec4b4bb:   48 85 c0 74 bf 44 8b 03 45 85 c0 0f 84 77 ff ff
0x000000006ec4b4cb:   ff eb 9f 66 90 e8 8b fe ff ff 48 89 05 2c 34 01
0x000000006ec4b4db:   00 eb ad 66 90 e8 7b fe ff ff 48 89 05 1c 34 01
0x000000006ec4b4eb:   00 eb 8b e8 8d fe ff ff c7 03 01 00 00 00 e9 6f
0x000000006ec4b4fb:   ff ff ff 66 90 55 48 89 e5 56 53 48 83 ec 20 48
0x000000006ec4b50b:   8b 05 f7 33 01 00 48 8b 31 48 89 cb 48 85 c0 74
0x000000006ec4b51b:   56 44 8b 18 45 85 db 78 42 48 8b 05 dd 33 01 00
0x000000006ec4b52b:   48 85 c0 74 50 44 8b 10 45 85 d2 74 1d 48 89 f1
0x000000006ec4b53b:   e8 d0 fd ff ff 48 8b 13 48 8d 42 40 48 8b 48 08
0x000000006ec4b54b:   48 8b 6a 40 48 8b 60 10 ff e1 48 8b 05 bc 33 01
0x000000006ec4b55b:   00 48 85 c0 74 2d 48 89 30 eb da e8 b5 fe ff ff
0x000000006ec4b56b:   0f 1f 44 00 00 eb b2 e8 e9 fd ff ff 48 89 05 8a
0x000000006ec4b57b:   33 01 00 eb 9c e8 db fd ff ff 48 89 05 7c 33 01
0x000000006ec4b58b:   00 eb a2 e8 3d fd ff ff 48 89 05 7e 33 01 00 eb
0x000000006ec4b59b:   c5 0f 1f 40 00 55 57 56 53 48 83 ec 28 48 8b 05
0x000000006ec4b5ab:   59 33 01 00 48 89 cb 48 85 c0 0f 84 c5 00 00 00
0x000000006ec4b5bb:   8b 38 85 ff 0f 88 ab 00 00 00 48 8b 05 3c 33 01
0x000000006ec4b5cb:   00 48 85 c0 0f 84 bc 00 00 00 8b 30 85 f6 74 57
0x000000006ec4b5db:   48 8b 05 2e 33 01 00 48 85 c0 0f 84 e5 00 00 00
0x000000006ec4b5eb:   8b 28 48 8b 35 30 5e 01 00 ff d6 89 c7 89 e9 ff
0x000000006ec4b5fb:   15 14 5f 01 00 89 f9 48 89 c5 ff 15 d9 5e 01 00
0x000000006ec4b60b:   48 8b 05 fe 32 01 00 48 89 2b 48 85 c0 74 46 48
0x000000006ec4b61b:   89 da 8b 08 ff 15 f7 5e 01 00 85 c0 74 27 48 83
0x000000006ec4b62b:   c4 28 5b 5e 5f 5d c3 48 8b 05 df 32 01 00 48 85
0x000000006ec4b63b:   c0 74 64 48 8b 10 48 89 13 48 89 18 48 83 c4 28
0x000000006ec4b64b:   5b 5e 5f 5d c3 48 89 f2 48 83 c4 28 5b 5e 5f 5d
0x000000006ec4b65b:   48 ff e2 66 90 e8 8b fc ff ff 48 89 05 a4 32 01
0x000000006ec4b66b:   00 eb ac 66 90 e8 ab fd ff ff e9 4b ff ff ff 66
0x000000006ec4b67b:   0f 1f 44 00 00 e8 db fc ff ff 48 89 05 7c 32 01
0x000000006ec4b68b:   00 e9 2a ff ff ff e8 ca fc ff ff 48 89 05 6b 32
0x000000006ec4b69b:   01 00 e9 33 ff ff ff e8 29 fc ff ff 48 89 05 6a
0x000000006ec4b6ab:   32 01 00 48 8b 10 48 85 c0 48 89 13 75 8b e8 12 


Stack slot to memory mapping:
stack at sp + 0 slots: 0x000002b96a1c3250 points into unknown readable memory: 0x005c002e005c005c | 5c 00 5c 00 2e 00 5c 00
stack at sp + 1 slots: 0x000002b96a099b60 points into unknown readable memory: 0x000002b96934c9c0 | c0 c9 34 69 b9 02 00 00
stack at sp + 2 slots: 0x000000006ec4b210 jSSC-2.7_x86_64.dll
stack at sp + 3 slots: 0x000002b949190000 points into unknown readable memory: 0x0000000000000000 | 00 00 00 00 00 00 00 00
stack at sp + 4 slots: 0x000002b949130000 points into unknown readable memory: 0x0000000000000000 | 00 00 00 00 00 00 00 00
stack at sp + 5 slots: 0x0000000000000004 is an unknown value
stack at sp + 6 slots: 0x000002b94b37dcc0 points into unknown readable memory: 0x00007ffed42233d0 | d0 33 22 d4 fe 7f 00 00
stack at sp + 7 slots: 0x000000000000040c is an unknown value


---------------  P R O C E S S  ---------------

Threads class SMR info:
_java_thread_list=0x000002b96a151430, length=13, elements={
0x000002b94b37d9b0, 0x000002b96936ee60, 0x000002b96936fd20, 0x000002b96937d820,
0x000002b969381250, 0x000002b9693841d0, 0x000002b969381ca0, 0x000002b9693976b0,
0x000002b9693b81b0, 0x000002b9693bd000, 0x000002b9693851c0, 0x000002b969382c90,
0x000002b9693831e0
}

Java Threads: ( => current thread )
=>0x000002b94b37d9b0 JavaThread "main" [_thread_in_native, id=6092, stack(0x000000e346200000,0x000000e346300000)]
  0x000002b96936ee60 JavaThread "Reference Handler" daemon [_thread_blocked, id=5828, stack(0x000000e346900000,0x000000e346a00000)]
  0x000002b96936fd20 JavaThread "Finalizer" daemon [_thread_blocked, id=6192, stack(0x000000e346a00000,0x000000e346b00000)]
  0x000002b96937d820 JavaThread "Signal Dispatcher" daemon [_thread_blocked, id=14296, stack(0x000000e346b00000,0x000000e346c00000)]
  0x000002b969381250 JavaThread "Attach Listener" daemon [_thread_blocked, id=2860, stack(0x000000e346c00000,0x000000e346d00000)]
  0x000002b9693841d0 JavaThread "Service Thread" daemon [_thread_blocked, id=10396, stack(0x000000e346d00000,0x000000e346e00000)]
  0x000002b969381ca0 JavaThread "Monitor Deflation Thread" daemon [_thread_blocked, id=7704, stack(0x000000e346e00000,0x000000e346f00000)]
  0x000002b9693976b0 JavaThread "C2 CompilerThread0" daemon [_thread_blocked, id=2940, stack(0x000000e346f00000,0x000000e347000000)]
  0x000002b9693b81b0 JavaThread "C1 CompilerThread0" daemon [_thread_blocked, id=12208, stack(0x000000e347000000,0x000000e347100000)]
  0x000002b9693bd000 JavaThread "Sweeper thread" daemon [_thread_blocked, id=7940, stack(0x000000e347100000,0x000000e347200000)]
  0x000002b9693851c0 JavaThread "Common-Cleaner" daemon [_thread_blocked, id=15148, stack(0x000000e347200000,0x000000e347300000)]
  0x000002b969382c90 JavaThread "Monitor Ctrl-Break" daemon [_thread_in_native, id=9644, stack(0x000000e347300000,0x000000e347400000)]
  0x000002b9693831e0 JavaThread "Notification Thread" daemon [_thread_blocked, id=13256, stack(0x000000e347400000,0x000000e347500000)]

Other Threads:
  0x000002b96936b210 VMThread "VM Thread" [stack: 0x000000e346800000,0x000000e346900000] [id=9576]
  0x000002b96a1633c0 WatcherThread [stack: 0x000000e347500000,0x000000e347600000] [id=6384]
  0x000002b94928e820 GCTaskThread "GC Thread#0" [stack: 0x000000e346300000,0x000000e346400000] [id=5064]
  0x000002b94b3c9a30 ConcurrentGCThread "G1 Main Marker" [stack: 0x000000e346400000,0x000000e346500000] [id=12836]
  0x000002b94b3cacc0 ConcurrentGCThread "G1 Conc#0" [stack: 0x000000e346500000,0x000000e346600000] [id=10724]
  0x000002b94b459b00 ConcurrentGCThread "G1 Refine#0" [stack: 0x000000e346600000,0x000000e346700000] [id=11700]
  0x000002b94b45a600 ConcurrentGCThread "G1 Service" [stack: 0x000000e346700000,0x000000e346800000] [id=8396]

Threads with active compile tasks:

VM state: not at safepoint (normal execution)

VM Mutex/Monitor currently owned by a thread: None

Heap address: 0x0000000081200000, size: 2030 MB, Compressed Oops mode: 32-bit
CDS archive(s) mapped at: [0x0000000800000000-0x0000000800bb0000-0x0000000800bb0000), size 12255232, SharedBaseAddress: 0x0000000800000000, ArchiveRelocationMode: 0.
Compressed class space mapped at: 0x0000000800c00000-0x0000000840c00000, reserved size: 1073741824
Narrow klass base: 0x0000000800000000, Narrow klass shift: 3, Narrow klass range: 0x100000000

GC Precious Log:
 CPUs: 8 total, 8 available
 Memory: 8112M
 Large Page Support: Disabled
 NUMA Support: Disabled
 Compressed Oops: Enabled (32-bit)
 Heap Region Size: 1M
 Heap Min Capacity: 8M
 Heap Initial Capacity: 128M
 Heap Max Capacity: 2030M
 Pre-touch: Disabled
 Parallel Workers: 8
 Concurrent Workers: 2
 Concurrent Refinement Workers: 8
 Periodic GC: Disabled

Heap:
 garbage-first heap   total 131072K, used 2048K [0x0000000081200000, 0x0000000100000000)
  region size 1024K, 3 young (3072K), 0 survivors (0K)
 Metaspace       used 813K, committed 960K, reserved 1056768K
  class space    used 62K, committed 128K, reserved 1048576K

Heap Regions: E=young(eden), S=young(survivor), O=old, HS=humongous(starts), HC=humongous(continues), CS=collection set, F=free, OA=open archive, CA=closed archive, TAMS=top-at-mark-start (previous, next)
|   0|0x0000000081200000, 0x0000000081200000, 0x0000000081300000|  0%| F|  |TAMS 0x0000000081200000, 0x0000000081200000| Untracked 
|   1|0x0000000081300000, 0x0000000081300000, 0x0000000081400000|  0%| F|  |TAMS 0x0000000081300000, 0x0000000081300000| Untracked 
|   2|0x0000000081400000, 0x0000000081400000, 0x0000000081500000|  0%| F|  |TAMS 0x0000000081400000, 0x0000000081400000| Untracked 
|   3|0x0000000081500000, 0x0000000081500000, 0x0000000081600000|  0%| F|  |TAMS 0x0000000081500000, 0x0000000081500000| Untracked 
|   4|0x0000000081600000, 0x0000000081600000, 0x0000000081700000|  0%| F|  |TAMS 0x0000000081600000, 0x0000000081600000| Untracked 
|   5|0x0000000081700000, 0x0000000081700000, 0x0000000081800000|  0%| F|  |TAMS 0x0000000081700000, 0x0000000081700000| Untracked 
|   6|0x0000000081800000, 0x0000000081800000, 0x0000000081900000|  0%| F|  |TAMS 0x0000000081800000, 0x0000000081800000| Untracked 
|   7|0x0000000081900000, 0x0000000081900000, 0x0000000081a00000|  0%| F|  |TAMS 0x0000000081900000, 0x0000000081900000| Untracked 
|   8|0x0000000081a00000, 0x0000000081a00000, 0x0000000081b00000|  0%| F|  |TAMS 0x0000000081a00000, 0x0000000081a00000| Untracked 
|   9|0x0000000081b00000, 0x0000000081b00000, 0x0000000081c00000|  0%| F|  |TAMS 0x0000000081b00000, 0x0000000081b00000| Untracked 
|  10|0x0000000081c00000, 0x0000000081c00000, 0x0000000081d00000|  0%| F|  |TAMS 0x0000000081c00000, 0x0000000081c00000| Untracked 
|  11|0x0000000081d00000, 0x0000000081d00000, 0x0000000081e00000|  0%| F|  |TAMS 0x0000000081d00000, 0x0000000081d00000| Untracked 
|  12|0x0000000081e00000, 0x0000000081e00000, 0x0000000081f00000|  0%| F|  |TAMS 0x0000000081e00000, 0x0000000081e00000| Untracked 
|  13|0x0000000081f00000, 0x0000000081f00000, 0x0000000082000000|  0%| F|  |TAMS 0x0000000081f00000, 0x0000000081f00000| Untracked 
|  14|0x0000000082000000, 0x0000000082000000, 0x0000000082100000|  0%| F|  |TAMS 0x0000000082000000, 0x0000000082000000| Untracked 
|  15|0x0000000082100000, 0x0000000082100000, 0x0000000082200000|  0%| F|  |TAMS 0x0000000082100000, 0x0000000082100000| Untracked 
|  16|0x0000000082200000, 0x0000000082200000, 0x0000000082300000|  0%| F|  |TAMS 0x0000000082200000, 0x0000000082200000| Untracked 
|  17|0x0000000082300000, 0x0000000082300000, 0x0000000082400000|  0%| F|  |TAMS 0x0000000082300000, 0x0000000082300000| Untracked 
|  18|0x0000000082400000, 0x0000000082400000, 0x0000000082500000|  0%| F|  |TAMS 0x0000000082400000, 0x0000000082400000| Untracked 
|  19|0x0000000082500000, 0x0000000082500000, 0x0000000082600000|  0%| F|  |TAMS 0x0000000082500000, 0x0000000082500000| Untracked 
|  20|0x0000000082600000, 0x0000000082600000, 0x0000000082700000|  0%| F|  |TAMS 0x0000000082600000, 0x0000000082600000| Untracked 
|  21|0x0000000082700000, 0x0000000082700000, 0x0000000082800000|  0%| F|  |TAMS 0x0000000082700000, 0x0000000082700000| Untracked 
|  22|0x0000000082800000, 0x0000000082800000, 0x0000000082900000|  0%| F|  |TAMS 0x0000000082800000, 0x0000000082800000| Untracked 
|  23|0x0000000082900000, 0x0000000082900000, 0x0000000082a00000|  0%| F|  |TAMS 0x0000000082900000, 0x0000000082900000| Untracked 
|  24|0x0000000082a00000, 0x0000000082a00000, 0x0000000082b00000|  0%| F|  |TAMS 0x0000000082a00000, 0x0000000082a00000| Untracked 
|  25|0x0000000082b00000, 0x0000000082b00000, 0x0000000082c00000|  0%| F|  |TAMS 0x0000000082b00000, 0x0000000082b00000| Untracked 
|  26|0x0000000082c00000, 0x0000000082c00000, 0x0000000082d00000|  0%| F|  |TAMS 0x0000000082c00000, 0x0000000082c00000| Untracked 
|  27|0x0000000082d00000, 0x0000000082d00000, 0x0000000082e00000|  0%| F|  |TAMS 0x0000000082d00000, 0x0000000082d00000| Untracked 
|  28|0x0000000082e00000, 0x0000000082e00000, 0x0000000082f00000|  0%| F|  |TAMS 0x0000000082e00000, 0x0000000082e00000| Untracked 
|  29|0x0000000082f00000, 0x0000000082f00000, 0x0000000083000000|  0%| F|  |TAMS 0x0000000082f00000, 0x0000000082f00000| Untracked 
|  30|0x0000000083000000, 0x0000000083000000, 0x0000000083100000|  0%| F|  |TAMS 0x0000000083000000, 0x0000000083000000| Untracked 
|  31|0x0000000083100000, 0x0000000083100000, 0x0000000083200000|  0%| F|  |TAMS 0x0000000083100000, 0x0000000083100000| Untracked 
|  32|0x0000000083200000, 0x0000000083200000, 0x0000000083300000|  0%| F|  |TAMS 0x0000000083200000, 0x0000000083200000| Untracked 
|  33|0x0000000083300000, 0x0000000083300000, 0x0000000083400000|  0%| F|  |TAMS 0x0000000083300000, 0x0000000083300000| Untracked 
|  34|0x0000000083400000, 0x0000000083400000, 0x0000000083500000|  0%| F|  |TAMS 0x0000000083400000, 0x0000000083400000| Untracked 
|  35|0x0000000083500000, 0x0000000083500000, 0x0000000083600000|  0%| F|  |TAMS 0x0000000083500000, 0x0000000083500000| Untracked 
|  36|0x0000000083600000, 0x0000000083600000, 0x0000000083700000|  0%| F|  |TAMS 0x0000000083600000, 0x0000000083600000| Untracked 
|  37|0x0000000083700000, 0x0000000083700000, 0x0000000083800000|  0%| F|  |TAMS 0x0000000083700000, 0x0000000083700000| Untracked 
|  38|0x0000000083800000, 0x0000000083800000, 0x0000000083900000|  0%| F|  |TAMS 0x0000000083800000, 0x0000000083800000| Untracked 
|  39|0x0000000083900000, 0x0000000083900000, 0x0000000083a00000|  0%| F|  |TAMS 0x0000000083900000, 0x0000000083900000| Untracked 
|  40|0x0000000083a00000, 0x0000000083a00000, 0x0000000083b00000|  0%| F|  |TAMS 0x0000000083a00000, 0x0000000083a00000| Untracked 
|  41|0x0000000083b00000, 0x0000000083b00000, 0x0000000083c00000|  0%| F|  |TAMS 0x0000000083b00000, 0x0000000083b00000| Untracked 
|  42|0x0000000083c00000, 0x0000000083c00000, 0x0000000083d00000|  0%| F|  |TAMS 0x0000000083c00000, 0x0000000083c00000| Untracked 
|  43|0x0000000083d00000, 0x0000000083d00000, 0x0000000083e00000|  0%| F|  |TAMS 0x0000000083d00000, 0x0000000083d00000| Untracked 
|  44|0x0000000083e00000, 0x0000000083e00000, 0x0000000083f00000|  0%| F|  |TAMS 0x0000000083e00000, 0x0000000083e00000| Untracked 
|  45|0x0000000083f00000, 0x0000000083f00000, 0x0000000084000000|  0%| F|  |TAMS 0x0000000083f00000, 0x0000000083f00000| Untracked 
|  46|0x0000000084000000, 0x0000000084000000, 0x0000000084100000|  0%| F|  |TAMS 0x0000000084000000, 0x0000000084000000| Untracked 
|  47|0x0000000084100000, 0x0000000084100000, 0x0000000084200000|  0%| F|  |TAMS 0x0000000084100000, 0x0000000084100000| Untracked 
|  48|0x0000000084200000, 0x0000000084200000, 0x0000000084300000|  0%| F|  |TAMS 0x0000000084200000, 0x0000000084200000| Untracked 
|  49|0x0000000084300000, 0x0000000084300000, 0x0000000084400000|  0%| F|  |TAMS 0x0000000084300000, 0x0000000084300000| Untracked 
|  50|0x0000000084400000, 0x0000000084400000, 0x0000000084500000|  0%| F|  |TAMS 0x0000000084400000, 0x0000000084400000| Untracked 
|  51|0x0000000084500000, 0x0000000084500000, 0x0000000084600000|  0%| F|  |TAMS 0x0000000084500000, 0x0000000084500000| Untracked 
|  52|0x0000000084600000, 0x0000000084600000, 0x0000000084700000|  0%| F|  |TAMS 0x0000000084600000, 0x0000000084600000| Untracked 
|  53|0x0000000084700000, 0x0000000084700000, 0x0000000084800000|  0%| F|  |TAMS 0x0000000084700000, 0x0000000084700000| Untracked 
|  54|0x0000000084800000, 0x0000000084800000, 0x0000000084900000|  0%| F|  |TAMS 0x0000000084800000, 0x0000000084800000| Untracked 
|  55|0x0000000084900000, 0x0000000084900000, 0x0000000084a00000|  0%| F|  |TAMS 0x0000000084900000, 0x0000000084900000| Untracked 
|  56|0x0000000084a00000, 0x0000000084a00000, 0x0000000084b00000|  0%| F|  |TAMS 0x0000000084a00000, 0x0000000084a00000| Untracked 
|  57|0x0000000084b00000, 0x0000000084b00000, 0x0000000084c00000|  0%| F|  |TAMS 0x0000000084b00000, 0x0000000084b00000| Untracked 
|  58|0x0000000084c00000, 0x0000000084c00000, 0x0000000084d00000|  0%| F|  |TAMS 0x0000000084c00000, 0x0000000084c00000| Untracked 
|  59|0x0000000084d00000, 0x0000000084d00000, 0x0000000084e00000|  0%| F|  |TAMS 0x0000000084d00000, 0x0000000084d00000| Untracked 
|  60|0x0000000084e00000, 0x0000000084e00000, 0x0000000084f00000|  0%| F|  |TAMS 0x0000000084e00000, 0x0000000084e00000| Untracked 
|  61|0x0000000084f00000, 0x0000000084f00000, 0x0000000085000000|  0%| F|  |TAMS 0x0000000084f00000, 0x0000000084f00000| Untracked 
|  62|0x0000000085000000, 0x0000000085000000, 0x0000000085100000|  0%| F|  |TAMS 0x0000000085000000, 0x0000000085000000| Untracked 
|  63|0x0000000085100000, 0x0000000085100000, 0x0000000085200000|  0%| F|  |TAMS 0x0000000085100000, 0x0000000085100000| Untracked 
|  64|0x0000000085200000, 0x0000000085200000, 0x0000000085300000|  0%| F|  |TAMS 0x0000000085200000, 0x0000000085200000| Untracked 
|  65|0x0000000085300000, 0x0000000085300000, 0x0000000085400000|  0%| F|  |TAMS 0x0000000085300000, 0x0000000085300000| Untracked 
|  66|0x0000000085400000, 0x0000000085400000, 0x0000000085500000|  0%| F|  |TAMS 0x0000000085400000, 0x0000000085400000| Untracked 
|  67|0x0000000085500000, 0x0000000085500000, 0x0000000085600000|  0%| F|  |TAMS 0x0000000085500000, 0x0000000085500000| Untracked 
|  68|0x0000000085600000, 0x0000000085600000, 0x0000000085700000|  0%| F|  |TAMS 0x0000000085600000, 0x0000000085600000| Untracked 
|  69|0x0000000085700000, 0x0000000085700000, 0x0000000085800000|  0%| F|  |TAMS 0x0000000085700000, 0x0000000085700000| Untracked 
|  70|0x0000000085800000, 0x0000000085800000, 0x0000000085900000|  0%| F|  |TAMS 0x0000000085800000, 0x0000000085800000| Untracked 
|  71|0x0000000085900000, 0x0000000085900000, 0x0000000085a00000|  0%| F|  |TAMS 0x0000000085900000, 0x0000000085900000| Untracked 
|  72|0x0000000085a00000, 0x0000000085a00000, 0x0000000085b00000|  0%| F|  |TAMS 0x0000000085a00000, 0x0000000085a00000| Untracked 
|  73|0x0000000085b00000, 0x0000000085b00000, 0x0000000085c00000|  0%| F|  |TAMS 0x0000000085b00000, 0x0000000085b00000| Untracked 
|  74|0x0000000085c00000, 0x0000000085c00000, 0x0000000085d00000|  0%| F|  |TAMS 0x0000000085c00000, 0x0000000085c00000| Untracked 
|  75|0x0000000085d00000, 0x0000000085d00000, 0x0000000085e00000|  0%| F|  |TAMS 0x0000000085d00000, 0x0000000085d00000| Untracked 
|  76|0x0000000085e00000, 0x0000000085e00000, 0x0000000085f00000|  0%| F|  |TAMS 0x0000000085e00000, 0x0000000085e00000| Untracked 
|  77|0x0000000085f00000, 0x0000000085f00000, 0x0000000086000000|  0%| F|  |TAMS 0x0000000085f00000, 0x0000000085f00000| Untracked 
|  78|0x0000000086000000, 0x0000000086000000, 0x0000000086100000|  0%| F|  |TAMS 0x0000000086000000, 0x0000000086000000| Untracked 
|  79|0x0000000086100000, 0x0000000086100000, 0x0000000086200000|  0%| F|  |TAMS 0x0000000086100000, 0x0000000086100000| Untracked 
|  80|0x0000000086200000, 0x0000000086200000, 0x0000000086300000|  0%| F|  |TAMS 0x0000000086200000, 0x0000000086200000| Untracked 
|  81|0x0000000086300000, 0x0000000086300000, 0x0000000086400000|  0%| F|  |TAMS 0x0000000086300000, 0x0000000086300000| Untracked 
|  82|0x0000000086400000, 0x0000000086400000, 0x0000000086500000|  0%| F|  |TAMS 0x0000000086400000, 0x0000000086400000| Untracked 
|  83|0x0000000086500000, 0x0000000086500000, 0x0000000086600000|  0%| F|  |TAMS 0x0000000086500000, 0x0000000086500000| Untracked 
|  84|0x0000000086600000, 0x0000000086600000, 0x0000000086700000|  0%| F|  |TAMS 0x0000000086600000, 0x0000000086600000| Untracked 
|  85|0x0000000086700000, 0x0000000086700000, 0x0000000086800000|  0%| F|  |TAMS 0x0000000086700000, 0x0000000086700000| Untracked 
|  86|0x0000000086800000, 0x0000000086800000, 0x0000000086900000|  0%| F|  |TAMS 0x0000000086800000, 0x0000000086800000| Untracked 
|  87|0x0000000086900000, 0x0000000086900000, 0x0000000086a00000|  0%| F|  |TAMS 0x0000000086900000, 0x0000000086900000| Untracked 
|  88|0x0000000086a00000, 0x0000000086a00000, 0x0000000086b00000|  0%| F|  |TAMS 0x0000000086a00000, 0x0000000086a00000| Untracked 
|  89|0x0000000086b00000, 0x0000000086b00000, 0x0000000086c00000|  0%| F|  |TAMS 0x0000000086b00000, 0x0000000086b00000| Untracked 
|  90|0x0000000086c00000, 0x0000000086c00000, 0x0000000086d00000|  0%| F|  |TAMS 0x0000000086c00000, 0x0000000086c00000| Untracked 
|  91|0x0000000086d00000, 0x0000000086d00000, 0x0000000086e00000|  0%| F|  |TAMS 0x0000000086d00000, 0x0000000086d00000| Untracked 
|  92|0x0000000086e00000, 0x0000000086e00000, 0x0000000086f00000|  0%| F|  |TAMS 0x0000000086e00000, 0x0000000086e00000| Untracked 
|  93|0x0000000086f00000, 0x0000000086f00000, 0x0000000087000000|  0%| F|  |TAMS 0x0000000086f00000, 0x0000000086f00000| Untracked 
|  94|0x0000000087000000, 0x0000000087000000, 0x0000000087100000|  0%| F|  |TAMS 0x0000000087000000, 0x0000000087000000| Untracked 
|  95|0x0000000087100000, 0x0000000087100000, 0x0000000087200000|  0%| F|  |TAMS 0x0000000087100000, 0x0000000087100000| Untracked 
|  96|0x0000000087200000, 0x0000000087200000, 0x0000000087300000|  0%| F|  |TAMS 0x0000000087200000, 0x0000000087200000| Untracked 
|  97|0x0000000087300000, 0x0000000087300000, 0x0000000087400000|  0%| F|  |TAMS 0x0000000087300000, 0x0000000087300000| Untracked 
|  98|0x0000000087400000, 0x0000000087400000, 0x0000000087500000|  0%| F|  |TAMS 0x0000000087400000, 0x0000000087400000| Untracked 
|  99|0x0000000087500000, 0x0000000087500000, 0x0000000087600000|  0%| F|  |TAMS 0x0000000087500000, 0x0000000087500000| Untracked 
| 100|0x0000000087600000, 0x0000000087600000, 0x0000000087700000|  0%| F|  |TAMS 0x0000000087600000, 0x0000000087600000| Untracked 
| 101|0x0000000087700000, 0x0000000087700000, 0x0000000087800000|  0%| F|  |TAMS 0x0000000087700000, 0x0000000087700000| Untracked 
| 102|0x0000000087800000, 0x0000000087800000, 0x0000000087900000|  0%| F|  |TAMS 0x0000000087800000, 0x0000000087800000| Untracked 
| 103|0x0000000087900000, 0x0000000087900000, 0x0000000087a00000|  0%| F|  |TAMS 0x0000000087900000, 0x0000000087900000| Untracked 
| 104|0x0000000087a00000, 0x0000000087a00000, 0x0000000087b00000|  0%| F|  |TAMS 0x0000000087a00000, 0x0000000087a00000| Untracked 
| 105|0x0000000087b00000, 0x0000000087b00000, 0x0000000087c00000|  0%| F|  |TAMS 0x0000000087b00000, 0x0000000087b00000| Untracked 
| 106|0x0000000087c00000, 0x0000000087c00000, 0x0000000087d00000|  0%| F|  |TAMS 0x0000000087c00000, 0x0000000087c00000| Untracked 
| 107|0x0000000087d00000, 0x0000000087d00000, 0x0000000087e00000|  0%| F|  |TAMS 0x0000000087d00000, 0x0000000087d00000| Untracked 
| 108|0x0000000087e00000, 0x0000000087e00000, 0x0000000087f00000|  0%| F|  |TAMS 0x0000000087e00000, 0x0000000087e00000| Untracked 
| 109|0x0000000087f00000, 0x0000000087f00000, 0x0000000088000000|  0%| F|  |TAMS 0x0000000087f00000, 0x0000000087f00000| Untracked 
| 110|0x0000000088000000, 0x0000000088000000, 0x0000000088100000|  0%| F|  |TAMS 0x0000000088000000, 0x0000000088000000| Untracked 
| 111|0x0000000088100000, 0x0000000088100000, 0x0000000088200000|  0%| F|  |TAMS 0x0000000088100000, 0x0000000088100000| Untracked 
| 112|0x0000000088200000, 0x0000000088200000, 0x0000000088300000|  0%| F|  |TAMS 0x0000000088200000, 0x0000000088200000| Untracked 
| 113|0x0000000088300000, 0x0000000088300000, 0x0000000088400000|  0%| F|  |TAMS 0x0000000088300000, 0x0000000088300000| Untracked 
| 114|0x0000000088400000, 0x0000000088400000, 0x0000000088500000|  0%| F|  |TAMS 0x0000000088400000, 0x0000000088400000| Untracked 
| 115|0x0000000088500000, 0x0000000088500000, 0x0000000088600000|  0%| F|  |TAMS 0x0000000088500000, 0x0000000088500000| Untracked 
| 116|0x0000000088600000, 0x0000000088600000, 0x0000000088700000|  0%| F|  |TAMS 0x0000000088600000, 0x0000000088600000| Untracked 
| 117|0x0000000088700000, 0x0000000088700000, 0x0000000088800000|  0%| F|  |TAMS 0x0000000088700000, 0x0000000088700000| Untracked 
| 118|0x0000000088800000, 0x0000000088800000, 0x0000000088900000|  0%| F|  |TAMS 0x0000000088800000, 0x0000000088800000| Untracked 
| 119|0x0000000088900000, 0x0000000088900000, 0x0000000088a00000|  0%| F|  |TAMS 0x0000000088900000, 0x0000000088900000| Untracked 
| 120|0x0000000088a00000, 0x0000000088a00000, 0x0000000088b00000|  0%| F|  |TAMS 0x0000000088a00000, 0x0000000088a00000| Untracked 
| 121|0x0000000088b00000, 0x0000000088b00000, 0x0000000088c00000|  0%| F|  |TAMS 0x0000000088b00000, 0x0000000088b00000| Untracked 
| 122|0x0000000088c00000, 0x0000000088c00000, 0x0000000088d00000|  0%| F|  |TAMS 0x0000000088c00000, 0x0000000088c00000| Untracked 
| 123|0x0000000088d00000, 0x0000000088d00000, 0x0000000088e00000|  0%| F|  |TAMS 0x0000000088d00000, 0x0000000088d00000| Untracked 
| 124|0x0000000088e00000, 0x0000000088e00000, 0x0000000088f00000|  0%| F|  |TAMS 0x0000000088e00000, 0x0000000088e00000| Untracked 
| 125|0x0000000088f00000, 0x0000000088f77c50, 0x0000000089000000| 46%| E|  |TAMS 0x0000000088f00000, 0x0000000088f00000| Complete 
| 126|0x0000000089000000, 0x0000000089100000, 0x0000000089100000|100%| E|CS|TAMS 0x0000000089000000, 0x0000000089000000| Complete 
| 127|0x0000000089100000, 0x0000000089200000, 0x0000000089200000|100%| E|CS|TAMS 0x0000000089100000, 0x0000000089100000| Complete 

Card table byte_map: [0x000002b962220000,0x000002b962620000] _byte_map_base: 0x000002b961e17000

Marking Bits (Prev, Next): (CMBitMap*) 0x000002b94b3b92a0, (CMBitMap*) 0x000002b94b3b92e0
 Prev Bits: [0x000002b962a20000, 0x000002b9649d8000)
 Next Bits: [0x000002b9649e0000, 0x000002b966998000)

Polling page: 0x000002b94ab60000

Metaspace:

Usage:
  Non-class:    751.08 KB used.
      Class:     62.41 KB used.
       Both:    813.48 KB used.

Virtual space:
  Non-class space:        8.00 MB reserved,     832.00 KB ( 10%) committed,  1 nodes.
      Class space:        1.00 GB reserved,     128.00 KB ( <1%) committed,  1 nodes.
              Both:        1.01 GB reserved,     960.00 KB ( <1%) committed. 

Chunk freelists:
   Non-Class:  3.92 MB
       Class:  3.73 MB
        Both:  7.66 MB

MaxMetaspaceSize: 17179869184.00 GB
CompressedClassSpaceSize: 1.00 GB
 - commit_granule_bytes: 65536.
 - commit_granule_words: 8192.
 - virtual_space_node_default_size: 1048576.
 - enlarge_chunks_in_place: 1.
 - new_chunks_are_fully_committed: 0.
 - uncommit_free_chunks: 1.
 - use_allocation_guard: 0.
 - handle_deallocations: 1.


Internal statistics:

num_allocs_failed_limit: 0.
num_arena_births: 12.
num_arena_deaths: 0.
num_vsnodes_births: 2.
num_vsnodes_deaths: 0.
num_space_committed: 15.
num_space_uncommitted: 0.
num_chunks_returned_to_freelist: 0.
num_chunks_taken_from_freelist: 22.
num_chunk_merges: 0.
num_chunk_splits: 11.
num_chunks_enlarged: 6.
num_purges: 0.

CodeHeap 'non-profiled nmethods': size=120000Kb used=62Kb max_used=62Kb free=119937Kb
 bounds [0x000002b95a5c0000, 0x000002b95a830000, 0x000002b961af0000]
CodeHeap 'profiled nmethods': size=120000Kb used=211Kb max_used=211Kb free=119788Kb
 bounds [0x000002b953090000, 0x000002b953300000, 0x000002b95a5c0000]
CodeHeap 'non-nmethods': size=5760Kb used=1135Kb max_used=1148Kb free=4624Kb
 bounds [0x000002b952af0000, 0x000002b952d60000, 0x000002b953090000]
 total_blobs=611 nmethods=198 adapters=326
 compilation: enabled
              stopped_count=0, restarted_count=0
 full_count=0

Compilation events (20 events):
Event: 0.118 Thread 0x000002b9693b81b0  189       3       jdk.internal.org.objectweb.asm.SymbolTable::hash (10 bytes)
Event: 0.118 Thread 0x000002b9693b81b0 nmethod 189 0x000002b9530c2310 code [0x000002b9530c24c0, 0x000002b9530c25e8]
Event: 0.118 Thread 0x000002b9693b81b0  190       1       java.lang.Class::getModule (5 bytes)
Event: 0.118 Thread 0x000002b9693b81b0 nmethod 190 0x000002b95a5cf090 code [0x000002b95a5cf220, 0x000002b95a5cf2f8]
Event: 0.124 Thread 0x000002b9693b81b0  192       3       java.lang.AbstractStringBuilder::<init> (39 bytes)
Event: 0.124 Thread 0x000002b9693b81b0 nmethod 192 0x000002b9530c2690 code [0x000002b9530c2840, 0x000002b9530c2ad8]
Event: 0.124 Thread 0x000002b9693b81b0  193       3       java.lang.Math::max (11 bytes)
Event: 0.124 Thread 0x000002b9693b81b0 nmethod 193 0x000002b9530c2b90 code [0x000002b9530c2d20, 0x000002b9530c2e58]
Event: 0.124 Thread 0x000002b9693b81b0  194       3       java.lang.StringLatin1::lastIndexOf (40 bytes)
Event: 0.125 Thread 0x000002b9693b81b0 nmethod 194 0x000002b9530c2f10 code [0x000002b9530c30e0, 0x000002b9530c34d8]
Event: 0.125 Thread 0x000002b9693b81b0  195       3       java.lang.StringBuilder::toString (35 bytes)
Event: 0.125 Thread 0x000002b9693b81b0 nmethod 195 0x000002b9530c3610 code [0x000002b9530c37e0, 0x000002b9530c3ab8]
Event: 0.125 Thread 0x000002b9693b81b0  196       3       java.lang.StringBuilder::<init> (7 bytes)
Event: 0.126 Thread 0x000002b9693b81b0 nmethod 196 0x000002b9530c3b90 code [0x000002b9530c3d40, 0x000002b9530c3e88]
Event: 0.126 Thread 0x000002b9693b81b0  197       3       java.util.Arrays::copyOf (19 bytes)
Event: 0.126 Thread 0x000002b9693b81b0 nmethod 197 0x000002b9530c3f10 code [0x000002b9530c40c0, 0x000002b9530c43a8]
Event: 0.128 Thread 0x000002b9693b81b0  198       3       java.lang.AbstractStringBuilder::newCapacity (59 bytes)
Event: 0.129 Thread 0x000002b9693b81b0 nmethod 198 0x000002b9530c4510 code [0x000002b9530c4700, 0x000002b9530c4c58]
Event: 0.156 Thread 0x000002b9693976b0  199       4       java.lang.String::isLatin1 (19 bytes)
Event: 0.156 Thread 0x000002b9693976b0 nmethod 199 0x000002b95a5cf690 code [0x000002b95a5cf800, 0x000002b95a5cf898]

GC Heap History (0 events):
No events

Deoptimization events (0 events):
No events

Classes unloaded (0 events):
No events

Classes redefined (0 events):
No events

Internal exceptions (3 events):
Event: 0.108 Thread 0x000002b969382c90 Exception <a 'java/lang/NoSuchMethodError'{0x00000000890f5120}: 'java.lang.Object java.lang.invoke.DirectMethodHandle$Holder.invokeStatic(java.lang.Object)'> (0x00000000890f5120) 
thrown [t:\workspace\open\src\hotspot\share\interpreter\linkResolver.cpp, line 790]
Event: 0.108 Thread 0x000002b969382c90 Exception <a 'java/lang/NoSuchMethodError'{0x00000000890f8a30}: 'java.lang.Object java.lang.invoke.DirectMethodHandle$Holder.invokeStaticInit(java.lang.Object)'> (0x00000000890f8a30) 
thrown [t:\workspace\open\src\hotspot\share\interpreter\linkResolver.cpp, line 790]
Event: 0.116 Thread 0x000002b969382c90 Exception <a 'java/lang/NoSuchMethodError'{0x0000000088f08110}: 'void java.lang.invoke.DirectMethodHandle$Holder.invokeStatic(java.lang.Object, java.lang.Object)'> (0x0000000088f08110) 
thrown [t:\workspace\open\src\hotspot\share\interpreter\linkResolver.cpp, line 790]

Events (20 events):
Event: 0.120 loading class sun/nio/ch/NioSocketImpl$1
Event: 0.120 loading class sun/nio/ch/NioSocketImpl$1 done
Event: 0.120 loading class sun/nio/cs/StreamDecoder
Event: 0.120 loading class sun/nio/cs/StreamDecoder done
Event: 0.120 loading class sun/nio/cs/US_ASCII$Decoder
Event: 0.120 loading class sun/nio/cs/US_ASCII$Decoder done
Event: 0.121 loading class sun/nio/ch/Util
Event: 0.121 loading class sun/nio/ch/Util done
Event: 0.121 loading class sun/nio/ch/Util$1
Event: 0.121 loading class sun/nio/ch/Util$1 done
Event: 0.121 loading class sun/nio/ch/Util$BufferCache
Event: 0.121 loading class sun/nio/ch/Util$BufferCache done
Event: 0.121 loading class java/nio/DirectByteBuffer$Deallocator
Event: 0.121 loading class java/nio/DirectByteBuffer$Deallocator done
Event: 0.127 Loaded shared library C:\jdk-16\bin\verify.dll
Event: 0.153 Loaded shared library C:\Users\Krishnapal\.jssc\windows\jSSC-2.7_x86_64.dll
Event: 0.157 loading class java/lang/SecurityException
Event: 0.157 loading class java/lang/SecurityException done
Event: 0.157 loading class java/lang/InterruptedException
Event: 0.157 loading class java/lang/InterruptedException done


Dynamic libraries:
0x00007ff7cd120000 - 0x00007ff7cd130000 	C:\jdk-16\bin\java.exe
0x00007fff25c50000 - 0x00007fff25e45000 	C:\WINDOWS\SYSTEM32\ntdll.dll
0x00007fff24e30000 - 0x00007fff24eed000 	C:\WINDOWS\System32\KERNEL32.DLL
0x00007fff23590000 - 0x00007fff23858000 	C:\WINDOWS\System32\KERNELBASE.dll
0x00007fff239f0000 - 0x00007fff23af0000 	C:\WINDOWS\System32\ucrtbase.dll
0x00007fff10340000 - 0x00007fff10358000 	C:\jdk-16\bin\jli.dll
0x00007fff10320000 - 0x00007fff10339000 	C:\jdk-16\bin\VCRUNTIME140.dll
0x00007fff24fe0000 - 0x00007fff2508c000 	C:\WINDOWS\System32\ADVAPI32.dll
0x00007fff250f0000 - 0x00007fff2518e000 	C:\WINDOWS\System32\msvcrt.dll
0x00007fff24350000 - 0x00007fff243eb000 	C:\WINDOWS\System32\sechost.dll
0x00007fff251a0000 - 0x00007fff252cb000 	C:\WINDOWS\System32\RPCRT4.dll
0x00007fff23cb0000 - 0x00007fff23e50000 	C:\WINDOWS\System32\USER32.dll
0x00007fff23940000 - 0x00007fff23962000 	C:\WINDOWS\System32\win32u.dll
0x00007fff11850000 - 0x00007fff11aea000 	C:\WINDOWS\WinSxS\amd64_microsoft.windows.common-controls_6595b64144ccf1df_6.0.19041.844_none_ca00b6081b84eb1d\COMCTL32.dll
0x00007fff24fa0000 - 0x00007fff24fca000 	C:\WINDOWS\System32\GDI32.dll
0x00007fff23430000 - 0x00007fff2353b000 	C:\WINDOWS\System32\gdi32full.dll
0x00007fff23390000 - 0x00007fff2342d000 	C:\WINDOWS\System32\msvcp_win.dll
0x00007fff19d70000 - 0x00007fff19d7a000 	C:\WINDOWS\SYSTEM32\VERSION.dll
0x00007fff25330000 - 0x00007fff25360000 	C:\WINDOWS\System32\IMM32.DLL
0x00007fff1c9c0000 - 0x00007fff1c9cc000 	C:\jdk-16\bin\vcruntime140_1.dll
0x00007ffef6930000 - 0x00007ffef69c1000 	C:\jdk-16\bin\msvcp140.dll
0x00007ffed37b0000 - 0x00007ffed435b000 	C:\jdk-16\bin\server\jvm.dll
0x00007fff25190000 - 0x00007fff25198000 	C:\WINDOWS\System32\PSAPI.DLL
0x00007fff1c8c0000 - 0x00007fff1c8c9000 	C:\WINDOWS\SYSTEM32\WSOCK32.dll
0x00007fff16070000 - 0x00007fff16097000 	C:\WINDOWS\SYSTEM32\WINMM.dll
0x00007fff25950000 - 0x00007fff259bb000 	C:\WINDOWS\System32\WS2_32.dll
0x00007fff21c60000 - 0x00007fff21c72000 	C:\WINDOWS\SYSTEM32\kernel.appcore.dll
0x00007fff1c4f0000 - 0x00007fff1c4fa000 	C:\jdk-16\bin\jimage.dll
0x00007fff211d0000 - 0x00007fff213b4000 	C:\WINDOWS\SYSTEM32\DBGHELP.DLL
0x00007fff06ce0000 - 0x00007fff06d0c000 	C:\WINDOWS\SYSTEM32\dbgcore.DLL
0x00007fff23970000 - 0x00007fff239f0000 	C:\WINDOWS\System32\bcryptPrimitives.dll
0x00007fff1aef0000 - 0x00007fff1aefe000 	C:\jdk-16\bin\instrument.dll
0x00007fff10110000 - 0x00007fff10135000 	C:\jdk-16\bin\java.dll
0x00007fff246e0000 - 0x00007fff24e22000 	C:\WINDOWS\System32\SHELL32.dll
0x00007fff214b0000 - 0x00007fff21c41000 	C:\WINDOWS\SYSTEM32\windows.storage.dll
0x00007fff23e50000 - 0x00007fff241a5000 	C:\WINDOWS\System32\combase.dll
0x00007fff22e00000 - 0x00007fff22e2c000 	C:\WINDOWS\SYSTEM32\Wldp.dll
0x00007fff25360000 - 0x00007fff2540e000 	C:\WINDOWS\System32\SHCORE.dll
0x00007fff252d0000 - 0x00007fff25325000 	C:\WINDOWS\System32\shlwapi.dll
0x00007fff232d0000 - 0x00007fff232ef000 	C:\WINDOWS\SYSTEM32\profapi.dll
0x00007fff0fcf0000 - 0x00007fff0fd08000 	C:\jdk-16\bin\zip.dll
0x00007fff10300000 - 0x00007fff10319000 	C:\jdk-16\bin\net.dll
0x00007fff19d80000 - 0x00007fff19e8b000 	C:\WINDOWS\SYSTEM32\WINHTTP.dll
0x00007fff22b70000 - 0x00007fff22bda000 	C:\WINDOWS\system32\mswsock.dll
0x00007fff0fd10000 - 0x00007fff0fd23000 	C:\jdk-16\bin\nio.dll
0x00007fff0ecf0000 - 0x00007fff0ed0a000 	C:\Program Files\JetBrains\IntelliJ IDEA Community Edition 2020.3.3\bin\breakgen64.dll
0x00007fff102b0000 - 0x00007fff102c0000 	C:\jdk-16\bin\verify.dll
0x000000006ec40000 - 0x000000006ec65000 	C:\Users\Krishnapal\.jssc\windows\jSSC-2.7_x86_64.dll

dbghelp: loaded successfully - version: 4.0.5 - missing functions: none
symbol engine: initialized successfully - sym options: 0x614 - pdb path: .;C:\jdk-16\bin;C:\WINDOWS\SYSTEM32;C:\WINDOWS\WinSxS\amd64_microsoft.windows.common-controls_6595b64144ccf1df_6.0.19041.844_none_ca00b6081b84eb1d;C:\jdk-16\bin\server;C:\Program Files\JetBrains\IntelliJ IDEA Community Edition 2020.3.3\bin;C:\Users\Krishnapal\.jssc\windows

VM Arguments:
jvm_args: -javaagent:C:\Program Files\JetBrains\IntelliJ IDEA Community Edition 2020.3.3\lib\idea_rt.jar=64084:C:\Program Files\JetBrains\IntelliJ IDEA Community Edition 2020.3.3\bin -Dfile.encoding=UTF-8 
java_command: com.company.Main
java_class_path (initial): C:\Users\Krishnapal\IdeaProjects\jSSC\out\production\jSSC;C:\Users\Krishnapal\Desktop\jSSC\jSSC-2.7.0-Release\jssc.jar
Launcher Type: SUN_STANDARD

[Global flags]
     intx CICompilerCount                          = 4                                         {product} {ergonomic}
     uint ConcGCThreads                            = 2                                         {product} {ergonomic}
     uint G1ConcRefinementThreads                  = 8                                         {product} {ergonomic}
   size_t G1HeapRegionSize                         = 1048576                                   {product} {ergonomic}
    uintx GCDrainStackTargetSize                   = 64                                        {product} {ergonomic}
   size_t InitialHeapSize                          = 134217728                                 {product} {ergonomic}
   size_t MarkStackSize                            = 4194304                                   {product} {ergonomic}
   size_t MaxHeapSize                              = 2128609280                                {product} {ergonomic}
   size_t MaxNewSize                               = 1277165568                                {product} {ergonomic}
   size_t MinHeapDeltaBytes                        = 1048576                                   {product} {ergonomic}
   size_t MinHeapSize                              = 8388608                                   {product} {ergonomic}
    uintx NonNMethodCodeHeapSize                   = 5839372                                {pd product} {ergonomic}
    uintx NonProfiledCodeHeapSize                  = 122909434                              {pd product} {ergonomic}
    uintx ProfiledCodeHeapSize                     = 122909434                              {pd product} {ergonomic}
    uintx ReservedCodeCacheSize                    = 251658240                              {pd product} {ergonomic}
     bool SegmentedCodeCache                       = true                                      {product} {ergonomic}
   size_t SoftMaxHeapSize                          = 2128609280                             {manageable} {ergonomic}
     bool UseCompressedClassPointers               = true                           {product lp64_product} {ergonomic}
     bool UseCompressedOops                        = true                           {product lp64_product} {ergonomic}
     bool UseG1GC                                  = true                                      {product} {ergonomic}
     bool UseLargePagesIndividualAllocation        = false                                  {pd product} {ergonomic}

Logging:
Log output configuration:
 #0: stdout all=warning uptime,level,tags
 #1: stderr all=off uptime,level,tags

Environment Variables:
JAVA_HOME=C:\jdk-16
PATH=C:\Windows\system32;C:\Windows;C:\Windows\System32\Wbem;C:\Windows\System32\WindowsPowerShell\v1.0\;C:\Windows\System32\OpenSSH\;C:\Program Files (x86)\NVIDIA Corporation\PhysX\Common;C:\Users\Krishnapal\Desktop\bin;C:\WINDOWS\system32;C:\WINDOWS;C:\WINDOWS\System32\Wbem;C:\WINDOWS\System32\WindowsPowerShell\v1.0\;C:\WINDOWS\System32\OpenSSH\;C:\jdk-16\bin;C:\Program Files\Git\cmd;C:\Users\Krishnapal\AppData\Local\Programs\Python\Python38-32\Scripts\;C:\Users\Krishnapal\AppData\Local\Microsoft\WindowsApps;C:\Users\Krishnapal\AppData\Local\atom\bin;C:\Users\Krishnapal\AppData\Local\Microsoft\WindowsApps;C:\Users\Krishnapal\AppData\Local\Programs\Python\Python38-32\;;c:\win32pe_edu;C:\Modeltech_pe_edu_10.4a\win32pe_edu;C:\Program Files\JetBrains\IntelliJ IDEA Community Edition 2020.3.3\bin;
USERNAME=Krishnapal
OS=Windows_NT
PROCESSOR_IDENTIFIER=Intel64 Family 6 Model 158 Stepping 10, GenuineIntel



---------------  S Y S T E M  ---------------

OS:
 Windows 10 , 64 bit Build 19041 (10.0.19041.928)
OS uptime: 0 days 6:41 hours

CPU: total 8 (initial active 8) (4 cores per cpu, 2 threads per core) family 6 model 158 stepping 10 microcode 0xde, cx8, cmov, fxsr, ht, mmx, 3dnowpref, sse, sse2, sse3, ssse3, sse4.1, sse4.2, popcnt, lzcnt, tsc, tscinvbit, avx, avx2, aes, erms, clmul, bmi1, bmi2, adx, fma, vzeroupper, clflush, clflushopt

Memory: 4k page, system-wide physical 8112M (2183M free)
TotalPageFile size 20400M (AvailPageFile size 10454M)
current process WorkingSet (physical memory assigned to process): 33M, peak: 33M
current process commit charge ("private bytes"): 211M, peak: 211M

vm_info: Java HotSpot(TM) 64-Bit Server VM (16+36-2231) for windows-amd64 JRE (16+36-2231), built on Feb  8 2021 11:43:10 by "mach5one" with MS VC++ 16.7 (VS2019)

END.
